<?xml version="1.0" encoding="UTF-8"?>
<!-- Generated by org.testng.reporters.JUnitReportReporter -->
<testsuite skipped="0" hostname="Prakashs-MacBook-Pro.local" name="DrawCards" tests="1" failures="0" timestamp="12 Apr 2020 23:32:26 GMT" time="2.660" errors="0">
  <testcase name="DrawNCard" time="2.660" classname="DrawCards"/>
</testsuite> <!-- DrawCards -->
