<?xml version="1.0" encoding="UTF-8"?>
<!-- Generated by org.testng.reporters.JUnitReportReporter -->
<testsuite skipped="0" hostname="Prakashs-MacBook-Pro.local" name="DeckGet" tests="1" failures="0" timestamp="12 Apr 2020 04:29:40 GMT" time="2.947" errors="0">
  <testcase name="NewDeck" time="2.947" classname="DeckGet"/>
</testsuite> <!-- DeckGet -->
