<?xml version="1.0" encoding="UTF-8"?>
<!-- Generated by org.testng.reporters.JUnitReportReporter -->
<testsuite skipped="0" hostname="Prakashs-MacBook-Pro.local" name="SimplePostTest" tests="1" failures="0" timestamp="10 Apr 2020 03:03:50 GMT" time="1.754" errors="0">
  <testcase name="RegistrationSuccessful" time="1.754" classname="SimplePostTest"/>
</testsuite> <!-- SimplePostTest -->
