<?xml version="1.0" encoding="UTF-8"?>
<!-- Generated by org.testng.reporters.JUnitReportReporter -->
<testsuite skipped="0" hostname="Prakashs-MacBook-Pro.local" name="SimpleGetTest" tests="1" failures="0" timestamp="10 Apr 2020 03:16:15 GMT" time="2.103" errors="0">
  <testcase name="GetWeatherDetails" time="2.103" classname="SimpleGetTest"/>
</testsuite> <!-- SimpleGetTest -->
